# JRE version: Java(TM) SE Runtime Environment 18.9 (11.0.11+9) (build 11.0.11+9-LTS-194)
# Java VM: Java HotSpot(TM) 64-Bit Server VM 18.9 (11.0.11+9-LTS-194, mixed mode, tiered, compressed oops, g1 gc, windows-amd64)
Heap:
 garbage-first heap   total 315392K, used 124534K [0x0000000700c00000, 0x0000000800000000)
  region size 1024K, 114 young (116736K), 13 survivors (13312K)
 Metaspace       used 69571K, capacity 71316K, committed 71552K, reserved 1112064K
  class space    used 8868K, capacity 9547K, committed 9600K, reserved 1048576K
GC Heap History (10 events):
Event: 1.151 GC heap before
{Heap before GC invocations=3 (full 0):
 garbage-first heap   total 262144K, used 37281K [0x0000000700c00000, 0x0000000800000000)
  region size 1024K, 34 young (34816K), 5 survivors (5120K)
 Metaspace       used 24748K, capacity 25406K, committed 25600K, reserved 1071104K
  class space    used 2806K, capacity 3061K, committed 3072K, reserved 1048576K
}
Event: 1.155 GC heap after
{Heap after GC invocations=4 (full 0):
 garbage-first heap   total 262144K, used 9837K [0x0000000700c00000, 0x0000000800000000)
  region size 1024K, 4 young (4096K), 4 survivors (4096K)
 Metaspace       used 24748K, capacity 25406K, committed 25600K, reserved 1071104K
  class space    used 2806K, capacity 3061K, committed 3072K, reserved 1048576K
}
Event: 1.426 GC heap before
{Heap before GC invocations=4 (full 0):
 garbage-first heap   total 262144K, used 66157K [0x0000000700c00000, 0x0000000800000000)
  region size 1024K, 60 young (61440K), 4 survivors (4096K)
 Metaspace       used 26753K, capacity 27436K, committed 27776K, reserved 1073152K
  class space    used 3040K, capacity 3331K, committed 3456K, reserved 1048576K
}
Event: 1.429 GC heap after
{Heap after GC invocations=5 (full 0):
 garbage-first heap   total 262144K, used 10970K [0x0000000700c00000, 0x0000000800000000)
  region size 1024K, 5 young (5120K), 5 survivors (5120K)
 Metaspace       used 26753K, capacity 27436K, committed 27776K, reserved 1073152K
  class space    used 3040K, capacity 3331K, committed 3456K, reserved 1048576K
}
Event: 2.497 GC heap before
{Heap before GC invocations=5 (full 0):
 garbage-first heap   total 262144K, used 67290K [0x0000000700c00000, 0x0000000800000000)
  region size 1024K, 61 young (62464K), 5 survivors (5120K)
 Metaspace       used 34769K, capacity 35730K, committed 35840K, reserved 1081344K
  class space    used 4130K, capacity 4547K, committed 4608K, reserved 1048576K
}
Event: 2.504 GC heap after
{Heap after GC invocations=6 (full 0):
 garbage-first heap   total 315392K, used 14595K [0x0000000700c00000, 0x0000000800000000)
  region size 1024K, 8 young (8192K), 8 survivors (8192K)
 Metaspace       used 34769K, capacity 35730K, committed 35840K, reserved 1081344K
  class space    used 4130K, capacity 4547K, committed 4608K, reserved 1048576K
}
Event: 4.062 GC heap before
{Heap before GC invocations=7 (full 0):
 garbage-first heap   total 315392K, used 193795K [0x0000000700c00000, 0x0000000800000000)
  region size 1024K, 184 young (188416K), 8 survivors (8192K)
 Metaspace       used 56372K, capacity 57718K, committed 57856K, reserved 1099776K
  class space    used 7120K, capacity 7641K, committed 7680K, reserved 1048576K
}
Event: 4.073 GC heap after
{Heap after GC invocations=8 (full 0):
 garbage-first heap   total 315392K, used 21214K [0x0000000700c00000, 0x0000000800000000)
  region size 1024K, 15 young (15360K), 15 survivors (15360K)
 Metaspace       used 56372K, capacity 57718K, committed 57856K, reserved 1099776K
  class space    used 7120K, capacity 7641K, committed 7680K, reserved 1048576K
}
Event: 4.278 GC heap before
{Heap before GC invocations=8 (full 0):
 garbage-first heap   total 315392K, used 39646K [0x0000000700c00000, 0x0000000800000000)
  region size 1024K, 34 young (34816K), 15 survivors (15360K)
 Metaspace       used 58826K, capacity 60100K, committed 60160K, reserved 1101824K
  class space    used 7471K, capacity 8008K, committed 8064K, reserved 1048576K
}
Event: 4.289 GC heap after
{Heap after GC invocations=9 (full 0):
 garbage-first heap   total 315392K, used 22134K [0x0000000700c00000, 0x0000000800000000)
  region size 1024K, 13 young (13312K), 13 survivors (13312K)
 Metaspace       used 58826K, capacity 60100K, committed 60160K, reserved 1101824K
  class space    used 7471K, capacity 8008K, committed 8064K, reserved 1048576K
}

